<?xml version="1.0" encoding="UTF-8"?>
<testng-results skipped="0" failed="1" ignored="0" total="2" passed="1">
  <reporter-output>
  </reporter-output>
  <suite name="Suite" duration-ms="4225" started-at="2019-02-04T20:18:44Z" finished-at="2019-02-04T20:18:48Z">
    <groups>
    </groups>
    <test name="ApiTests" duration-ms="4225" started-at="2019-02-04T20:18:44Z" finished-at="2019-02-04T20:18:48Z">
      <class name="TestApi.PetTest">
        <test-method status="PASS" signature="setup()[pri:0, instance:TestApi.PetTest@59a6e353]" name="setup" is-config="true" duration-ms="1431" started-at="2019-02-04T20:18:44Z" finished-at="2019-02-04T20:18:46Z">
          <reporter-output>
          </reporter-output>
        </test-method> <!-- setup -->
        <test-method status="FAIL" signature="addPet()[pri:0, instance:TestApi.PetTest@59a6e353]" name="addPet" duration-ms="2433" started-at="2019-02-04T20:18:46Z" finished-at="2019-02-04T20:18:48Z">
          <exception class="java.lang.AssertionError">
            <message>
              <![CDATA[expected [200] but found [205]]]>
            </message>
            <full-stacktrace>
              <![CDATA[java.lang.AssertionError: expected [200] but found [205]
at org.testng.Assert.fail(Assert.java:96)
at org.testng.Assert.failNotEquals(Assert.java:776)
at org.testng.Assert.assertEqualsImpl(Assert.java:137)
at org.testng.Assert.assertEquals(Assert.java:118)
at org.testng.Assert.assertEquals(Assert.java:652)
at org.testng.Assert.assertEquals(Assert.java:662)
at TestApi.PetTest.addPet(PetTest.java:27)
at sun.reflect.NativeMethodAccessorImpl.invoke0(Native Method)
at sun.reflect.NativeMethodAccessorImpl.invoke(Unknown Source)
at sun.reflect.DelegatingMethodAccessorImpl.invoke(Unknown Source)
at java.lang.reflect.Method.invoke(Unknown Source)
at org.testng.internal.MethodInvocationHelper.invokeMethod(MethodInvocationHelper.java:124)
at org.testng.internal.Invoker.invokeMethod(Invoker.java:583)
at org.testng.internal.Invoker.invokeTestMethod(Invoker.java:719)
at org.testng.internal.Invoker.invokeTestMethods(Invoker.java:989)
at org.testng.internal.TestMethodWorker.invokeTestMethods(TestMethodWorker.java:125)
at org.testng.internal.TestMethodWorker.run(TestMethodWorker.java:109)
at org.testng.TestRunner.privateRun(TestRunner.java:648)
at org.testng.TestRunner.run(TestRunner.java:505)
at org.testng.SuiteRunner.runTest(SuiteRunner.java:455)
at org.testng.SuiteRunner.runSequentially(SuiteRunner.java:450)
at org.testng.SuiteRunner.privateRun(SuiteRunner.java:415)
at org.testng.SuiteRunner.run(SuiteRunner.java:364)
at org.testng.SuiteRunnerWorker.runSuite(SuiteRunnerWorker.java:52)
at org.testng.SuiteRunnerWorker.run(SuiteRunnerWorker.java:84)
at org.testng.TestNG.runSuitesSequentially(TestNG.java:1208)
at org.testng.TestNG.runSuitesLocally(TestNG.java:1137)
at org.testng.TestNG.runSuites(TestNG.java:1049)
at org.testng.TestNG.run(TestNG.java:1017)
at org.apache.maven.surefire.testng.TestNGExecutor.run(TestNGExecutor.java:295)
at org.apache.maven.surefire.testng.TestNGXmlTestSuite.execute(TestNGXmlTestSuite.java:84)
at org.apache.maven.surefire.testng.TestNGProvider.invoke(TestNGProvider.java:90)
at org.apache.maven.surefire.booter.ForkedBooter.invokeProviderInSameClassLoader(ForkedBooter.java:203)
at org.apache.maven.surefire.booter.ForkedBooter.runSuitesInProcess(ForkedBooter.java:155)
at org.apache.maven.surefire.booter.ForkedBooter.main(ForkedBooter.java:103)
]]>
            </full-stacktrace>
          </exception> <!-- java.lang.AssertionError -->
          <reporter-output>
          </reporter-output>
        </test-method> <!-- addPet -->
        <test-method status="PASS" signature="clean()[pri:0, instance:TestApi.PetTest@59a6e353]" name="clean" is-config="true" duration-ms="0" started-at="2019-02-04T20:18:48Z" finished-at="2019-02-04T20:18:48Z">
          <reporter-output>
          </reporter-output>
        </test-method> <!-- clean -->
        <test-method status="PASS" signature="setup()[pri:0, instance:TestApi.PetTest@59a6e353]" name="setup" is-config="true" duration-ms="3" started-at="2019-02-04T20:18:48Z" finished-at="2019-02-04T20:18:48Z">
          <reporter-output>
          </reporter-output>
        </test-method> <!-- setup -->
        <test-method status="PASS" signature="addPetOrder()[pri:1, instance:TestApi.PetTest@59a6e353]" name="addPetOrder" duration-ms="1" started-at="2019-02-04T20:18:48Z" finished-at="2019-02-04T20:18:48Z">
          <reporter-output>
          </reporter-output>
        </test-method> <!-- addPetOrder -->
        <test-method status="PASS" signature="clean()[pri:0, instance:TestApi.PetTest@59a6e353]" name="clean" is-config="true" duration-ms="0" started-at="2019-02-04T20:18:48Z" finished-at="2019-02-04T20:18:48Z">
          <reporter-output>
          </reporter-output>
        </test-method> <!-- clean -->
      </class> <!-- TestApi.PetTest -->
    </test> <!-- ApiTests -->
  </suite> <!-- Suite -->
</testng-results>
